<?xml version="1.0" encoding="UTF-8"?>
<!-- Generated by org.testng.reporters.JUnitReportReporter -->
<testsuite hostname="Hp" failures="0" tests="4" name="api.test.UserTest" time="9.016" errors="0" timestamp="2023-06-26T13:27:54 IST" skipped="0">
  <testcase classname="api.test.UserTest" name="testPostUser" time="3.035"/>
  <testcase classname="api.test.UserTest" name="testGetUser" time="1.574"/>
  <testcase classname="api.test.UserTest" name="testUpdateUser" time="3.054"/>
  <testcase classname="api.test.UserTest" name="testDeleteUser" time="1.353"/>
</testsuite> <!-- api.test.UserTest -->
