<?xml version="1.0" encoding="UTF-8"?>
<!-- Generated by org.testng.reporters.JUnitReportReporter -->
<testsuite hostname="Hp" failures="0" tests="6" name="api.test.DDTest" time="9.031" errors="0" timestamp="2023-06-23T20:38:16 IST" skipped="0">
  <testcase classname="api.test.DDTest" name="testPostUser" time="1.258"/>
  <system-out/>
  <testcase classname="api.test.DDTest" name="testPostUser" time="2.653"/>
  <system-out/>
  <testcase classname="api.test.DDTest" name="testPostUser" time="1.302"/>
  <system-out/>
  <testcase classname="api.test.DDTest" name="testDeleteUser" time="1.239"/>
  <system-out/>
  <testcase classname="api.test.DDTest" name="testDeleteUser" time="1.321"/>
  <system-out/>
  <testcase classname="api.test.DDTest" name="testDeleteUser" time="1.258"/>
  <system-out/>
</testsuite> <!-- api.test.DDTest -->
