<?xml version="1.0" encoding="UTF-8"?>
<!-- Generated by org.testng.reporters.JUnitReportReporter -->
<testsuite hostname="Hp" failures="0" tests="4" name="api.test.UserTest2" time="8.675" errors="0" timestamp="2023-06-26T20:33:45 IST" skipped="0">
  <testcase classname="api.test.UserTest2" name="testPostUser" time="3.460"/>
  <testcase classname="api.test.UserTest2" name="testGetUser" time="1.300"/>
  <testcase classname="api.test.UserTest2" name="testUpdateUser" time="2.657"/>
  <testcase classname="api.test.UserTest2" name="testDeleteUser" time="1.258"/>
</testsuite> <!-- api.test.UserTest2 -->
