<?xml version="1.0" encoding="UTF-8"?>
<!-- Generated by org.testng.reporters.JUnitReportReporter -->
<testsuite hostname="Hp" failures="0" tests="4" name="api.test.UserTest2" time="8.343" errors="0" timestamp="2023-06-28T16:45:41 IST" skipped="0">
  <testcase classname="api.test.UserTest2" name="testPostUser" time="2.872"/>
  <testcase classname="api.test.UserTest2" name="testGetUser" time="1.369"/>
  <testcase classname="api.test.UserTest2" name="testUpdateUser" time="2.848"/>
  <testcase classname="api.test.UserTest2" name="testDeleteUser" time="1.254"/>
</testsuite> <!-- api.test.UserTest2 -->
